{"C:\\Users\\ketan.pandit\\countries\\src\\App.js": {"path":"C:\\Users\\ketan.pandit\\countries\\src\\App.js","statementMap":{"0":{"start":{"line":10,"column":5},"end":{"line":15,"column":7}}},"fnMap":{"0":{"name":"(anonymous_0)","decl":{"start":{"line":9,"column":3},"end":{"line":9,"column":4}},"loc":{"start":{"line":9,"column":11},"end":{"line":16,"column":4}},"line":9}},"branchMap":{},"s":{"0":1},"f":{"0":1},"b":{},"_coverageSchema":"1a1c01bbd47fc00a2c39e90264f33305004495a9","hash":"cb14912bdfb11c90ef0f56ddcfb37785f503241a"}
,"C:\\Users\\ketan.pandit\\countries\\src\\index.js": {"path":"C:\\Users\\ketan.pandit\\countries\\src\\index.js","statementMap":{},"fnMap":{},"branchMap":{},"s":{},"f":{},"b":{}}
,"C:\\Users\\ketan.pandit\\countries\\src\\Action\\Action.js": {"path":"C:\\Users\\ketan.pandit\\countries\\src\\Action\\Action.js","statementMap":{"0":{"start":{"line":6,"column":25},"end":{"line":17,"column":1}},"1":{"start":{"line":6,"column":37},"end":{"line":17,"column":1}},"2":{"start":{"line":8,"column":2},"end":{"line":16,"column":7}},"3":{"start":{"line":9,"column":15},"end":{"line":13,"column":10}},"4":{"start":{"line":13,"column":23},"end":{"line":16,"column":6}}},"fnMap":{"0":{"name":"(anonymous_0)","decl":{"start":{"line":6,"column":25},"end":{"line":6,"column":26}},"loc":{"start":{"line":6,"column":37},"end":{"line":17,"column":1}},"line":6},"1":{"name":"(anonymous_1)","decl":{"start":{"line":6,"column":37},"end":{"line":6,"column":38}},"loc":{"start":{"line":6,"column":55},"end":{"line":17,"column":1}},"line":6},"2":{"name":"(anonymous_2)","decl":{"start":{"line":9,"column":8},"end":{"line":9,"column":9}},"loc":{"start":{"line":9,"column":15},"end":{"line":13,"column":10}},"line":9},"3":{"name":"(anonymous_3)","decl":{"start":{"line":13,"column":18},"end":{"line":13,"column":19}},"loc":{"start":{"line":13,"column":23},"end":{"line":16,"column":6}},"line":13}},"branchMap":{},"s":{"0":4,"1":6,"2":6,"3":2,"4":3},"f":{"0":6,"1":6,"2":2,"3":3},"b":{},"_coverageSchema":"1a1c01bbd47fc00a2c39e90264f33305004495a9","hash":"dcd9b30272d2498f6f2c6bcfa9c234cd1d1dab38"}
,"C:\\Users\\ketan.pandit\\countries\\src\\Action\\type.js": {"path":"C:\\Users\\ketan.pandit\\countries\\src\\Action\\type.js","statementMap":{"0":{"start":{"line":1,"column":25},"end":{"line":1,"column":36}},"1":{"start":{"line":3,"column":27},"end":{"line":3,"column":40}}},"fnMap":{},"branchMap":{},"s":{"0":5,"1":5},"f":{},"b":{},"_coverageSchema":"1a1c01bbd47fc00a2c39e90264f33305004495a9","hash":"132782dcdaf606d57c4a3fabe2a69d21fcca4bc9"}
,"C:\\Users\\ketan.pandit\\countries\\src\\Component\\App.Mock.js": {"path":"C:\\Users\\ketan.pandit\\countries\\src\\Component\\App.Mock.js","statementMap":{"0":{"start":{"line":2,"column":26},"end":{"line":3,"column":79}},"1":{"start":{"line":3,"column":4},"end":{"line":3,"column":79}},"2":{"start":{"line":7,"column":30},"end":{"line":10,"column":5}},"3":{"start":{"line":8,"column":18},"end":{"line":8,"column":57}},"4":{"start":{"line":9,"column":5},"end":{"line":9,"column":19}}},"fnMap":{"0":{"name":"(anonymous_0)","decl":{"start":{"line":2,"column":26},"end":{"line":2,"column":27}},"loc":{"start":{"line":3,"column":4},"end":{"line":3,"column":79}},"line":3},"1":{"name":"(anonymous_1)","decl":{"start":{"line":7,"column":30},"end":{"line":7,"column":31}},"loc":{"start":{"line":7,"column":50},"end":{"line":10,"column":5}},"line":7}},"branchMap":{},"s":{"0":3,"1":2,"2":3,"3":3,"4":3},"f":{"0":2,"1":3},"b":{},"_coverageSchema":"1a1c01bbd47fc00a2c39e90264f33305004495a9","hash":"55ba2e894235e0043a03aec653d47ea423939547"}
,"C:\\Users\\ketan.pandit\\countries\\src\\Component\\TeamOmegaCountryDropDown.js": {"path":"C:\\Users\\ketan.pandit\\countries\\src\\Component\\TeamOmegaCountryDropDown.js","statementMap":{"0":{"start":{"line":7,"column":20},"end":{"line":7,"column":35}},"1":{"start":{"line":7,"column":27},"end":{"line":7,"column":34}},"2":{"start":{"line":9,"column":35},"end":{"line":9,"column":45}},"3":{"start":{"line":11,"column":8},"end":{"line":26,"column":10}},"4":{"start":{"line":20,"column":25},"end":{"line":20,"column":92}},"5":{"start":{"line":32,"column":24},"end":{"line":35,"column":2}},"6":{"start":{"line":32,"column":36},"end":{"line":35,"column":1}}},"fnMap":{"0":{"name":"(anonymous_0)","decl":{"start":{"line":7,"column":20},"end":{"line":7,"column":21}},"loc":{"start":{"line":7,"column":25},"end":{"line":7,"column":35}},"line":7},"1":{"name":"(anonymous_1)","decl":{"start":{"line":8,"column":4},"end":{"line":8,"column":5}},"loc":{"start":{"line":8,"column":13},"end":{"line":27,"column":5}},"line":8},"2":{"name":"(anonymous_2)","decl":{"start":{"line":19,"column":33},"end":{"line":19,"column":34}},"loc":{"start":{"line":19,"column":40},"end":{"line":20,"column":93}},"line":19},"3":{"name":"(anonymous_3)","decl":{"start":{"line":32,"column":24},"end":{"line":32,"column":25}},"loc":{"start":{"line":32,"column":36},"end":{"line":35,"column":1}},"line":32}},"branchMap":{"0":{"loc":{"start":{"line":14,"column":20},"end":{"line":14,"column":59}},"type":"binary-expr","locations":[{"start":{"line":14,"column":20},"end":{"line":14,"column":31}},{"start":{"line":14,"column":35},"end":{"line":14,"column":59}}],"line":14},"1":{"loc":{"start":{"line":16,"column":17},"end":{"line":22,"column":22}},"type":"binary-expr","locations":[{"start":{"line":16,"column":17},"end":{"line":16,"column":35}},{"start":{"line":17,"column":17},"end":{"line":22,"column":22}}],"line":16}},"s":{"0":1,"1":0,"2":1,"3":1,"4":0,"5":3,"6":1},"f":{"0":0,"1":1,"2":0,"3":1},"b":{"0":[1,0],"1":[1,0]},"_coverageSchema":"1a1c01bbd47fc00a2c39e90264f33305004495a9","hash":"94544cb4d5936a9c8435526669369744169c0838"}
,"C:\\Users\\ketan.pandit\\countries\\src\\Component\\TeamOmegaDropDown.js": {"path":"C:\\Users\\ketan.pandit\\countries\\src\\Component\\TeamOmegaDropDown.js","statementMap":{"0":{"start":{"line":11,"column":28},"end":{"line":11,"column":38}},"1":{"start":{"line":12,"column":8},"end":{"line":22,"column":9}},"2":{"start":{"line":13,"column":77},"end":{"line":13,"column":109}},"3":{"start":{"line":16,"column":21},"end":{"line":18,"column":22}},"4":{"start":{"line":26,"column":0},"end":{"line":28,"column":1}}},"fnMap":{"0":{"name":"(anonymous_0)","decl":{"start":{"line":10,"column":4},"end":{"line":10,"column":5}},"loc":{"start":{"line":10,"column":12},"end":{"line":23,"column":5}},"line":10},"1":{"name":"(anonymous_1)","decl":{"start":{"line":13,"column":67},"end":{"line":13,"column":68}},"loc":{"start":{"line":13,"column":76},"end":{"line":13,"column":110}},"line":13},"2":{"name":"(anonymous_2)","decl":{"start":{"line":15,"column":26},"end":{"line":15,"column":27}},"loc":{"start":{"line":15,"column":31},"end":{"line":19,"column":18}},"line":15}},"branchMap":{},"s":{"0":4,"1":4,"2":1,"3":16,"4":3},"f":{"0":4,"1":1,"2":16},"b":{},"_coverageSchema":"1a1c01bbd47fc00a2c39e90264f33305004495a9","hash":"dfa38e606ab0cc7d1f45c0947ed6443d1cec23f0"}
,"C:\\Users\\ketan.pandit\\countries\\src\\Component\\TeamOmegaHeader.js": {"path":"C:\\Users\\ketan.pandit\\countries\\src\\Component\\TeamOmegaHeader.js","statementMap":{"0":{"start":{"line":7,"column":30},"end":{"line":7,"column":40}},"1":{"start":{"line":8,"column":8},"end":{"line":17,"column":10}},"2":{"start":{"line":21,"column":0},"end":{"line":24,"column":1}}},"fnMap":{"0":{"name":"(anonymous_0)","decl":{"start":{"line":6,"column":4},"end":{"line":6,"column":5}},"loc":{"start":{"line":6,"column":13},"end":{"line":18,"column":5}},"line":6}},"branchMap":{},"s":{"0":3,"1":3,"2":3},"f":{"0":3},"b":{},"_coverageSchema":"1a1c01bbd47fc00a2c39e90264f33305004495a9","hash":"308ebd1ef6011afeeb1f3d1c8b3aff82090c7345"}
,"C:\\Users\\ketan.pandit\\countries\\src\\Reducer\\Reducer.js": {"path":"C:\\Users\\ketan.pandit\\countries\\src\\Reducer\\Reducer.js","statementMap":{"0":{"start":{"line":3,"column":28},"end":{"line":6,"column":1}},"1":{"start":{"line":8,"column":21},"end":{"line":22,"column":1}},"2":{"start":{"line":9,"column":4},"end":{"line":21,"column":5}},"3":{"start":{"line":11,"column":12},"end":{"line":13,"column":14}},"4":{"start":{"line":15,"column":12},"end":{"line":17,"column":13}},"5":{"start":{"line":20,"column":12},"end":{"line":20,"column":24}}},"fnMap":{"0":{"name":"(anonymous_0)","decl":{"start":{"line":8,"column":21},"end":{"line":8,"column":22}},"loc":{"start":{"line":8,"column":55},"end":{"line":22,"column":1}},"line":8}},"branchMap":{"0":{"loc":{"start":{"line":8,"column":22},"end":{"line":8,"column":42}},"type":"default-arg","locations":[{"start":{"line":8,"column":30},"end":{"line":8,"column":42}}],"line":8},"1":{"loc":{"start":{"line":9,"column":4},"end":{"line":21,"column":5}},"type":"switch","locations":[{"start":{"line":10,"column":8},"end":{"line":13,"column":14}},{"start":{"line":14,"column":8},"end":{"line":17,"column":13}},{"start":{"line":19,"column":8},"end":{"line":20,"column":24}}],"line":9}},"s":{"0":4,"1":4,"2":15,"3":2,"4":3,"5":10},"f":{"0":15},"b":{"0":[12],"1":[2,3,10]},"_coverageSchema":"1a1c01bbd47fc00a2c39e90264f33305004495a9","hash":"e444584c93d47fc31c96cfeb326ce71dbac20af1"}
,"C:\\Users\\ketan.pandit\\countries\\src\\Reducer\\RootReducer.js": {"path":"C:\\Users\\ketan.pandit\\countries\\src\\Reducer\\RootReducer.js","statementMap":{},"fnMap":{},"branchMap":{},"s":{},"f":{},"b":{},"_coverageSchema":"1a1c01bbd47fc00a2c39e90264f33305004495a9","hash":"80a6b2607b78c4f99a1d050c2ae17488589925e6"}
,"C:\\Users\\ketan.pandit\\countries\\src\\Store\\store.js": {"path":"C:\\Users\\ketan.pandit\\countries\\src\\Store\\store.js","statementMap":{"0":{"start":{"line":6,"column":21},"end":{"line":6,"column":23}},"1":{"start":{"line":8,"column":26},"end":{"line":8,"column":33}},"2":{"start":{"line":10,"column":14},"end":{"line":10,"column":106}}},"fnMap":{},"branchMap":{},"s":{"0":3,"1":3,"2":3},"f":{},"b":{},"_coverageSchema":"1a1c01bbd47fc00a2c39e90264f33305004495a9","hash":"e6a63d6eb1e459f1b6e109996212eb4c749a32d8"}
,"C:\\Users\\ketan.pandit\\countries\\src\\container\\MainFile.js": {"path":"C:\\Users\\ketan.pandit\\countries\\src\\container\\MainFile.js","statementMap":{"0":{"start":{"line":13,"column":8},"end":{"line":13,"column":16}},"1":{"start":{"line":14,"column":8},"end":{"line":16,"column":9}},"2":{"start":{"line":20,"column":8},"end":{"line":20,"column":46}},"3":{"start":{"line":24,"column":19},"end":{"line":27,"column":5}},"4":{"start":{"line":25,"column":8},"end":{"line":25,"column":35}},"5":{"start":{"line":31,"column":8},"end":{"line":53,"column":10}},"6":{"start":{"line":58,"column":24},"end":{"line":61,"column":2}},"7":{"start":{"line":58,"column":36},"end":{"line":61,"column":1}}},"fnMap":{"0":{"name":"(anonymous_0)","decl":{"start":{"line":12,"column":4},"end":{"line":12,"column":5}},"loc":{"start":{"line":12,"column":17},"end":{"line":17,"column":5}},"line":12},"1":{"name":"(anonymous_1)","decl":{"start":{"line":19,"column":4},"end":{"line":19,"column":5}},"loc":{"start":{"line":19,"column":24},"end":{"line":22,"column":5}},"line":19},"2":{"name":"(anonymous_2)","decl":{"start":{"line":24,"column":19},"end":{"line":24,"column":20}},"loc":{"start":{"line":24,"column":31},"end":{"line":27,"column":5}},"line":24},"3":{"name":"(anonymous_3)","decl":{"start":{"line":29,"column":4},"end":{"line":29,"column":5}},"loc":{"start":{"line":29,"column":13},"end":{"line":54,"column":5}},"line":29},"4":{"name":"(anonymous_4)","decl":{"start":{"line":58,"column":24},"end":{"line":58,"column":25}},"loc":{"start":{"line":58,"column":36},"end":{"line":61,"column":1}},"line":58}},"branchMap":{},"s":{"0":1,"1":1,"2":1,"3":1,"4":0,"5":1,"6":2,"7":1},"f":{"0":1,"1":1,"2":0,"3":1,"4":1},"b":{},"_coverageSchema":"1a1c01bbd47fc00a2c39e90264f33305004495a9","hash":"a2dc7085d25b9a1815020df29efd8a54116488ae"}
,"C:\\Users\\ketan.pandit\\countries\\src\\test\\testUtlis.js": {"path":"C:\\Users\\ketan.pandit\\countries\\src\\test\\testUtlis.js","statementMap":{"0":{"start":{"line":5,"column":28},"end":{"line":8,"column":1}},"1":{"start":{"line":6,"column":36},"end":{"line":6,"column":80}},"2":{"start":{"line":7,"column":2},"end":{"line":7,"column":66}}},"fnMap":{"0":{"name":"(anonymous_0)","decl":{"start":{"line":5,"column":28},"end":{"line":5,"column":29}},"loc":{"start":{"line":5,"column":46},"end":{"line":8,"column":1}},"line":5}},"branchMap":{},"s":{"0":0,"1":0,"2":0},"f":{"0":0},"b":{}}
}
