TN:
SF:src\index.js
FNF:0
FNH:0
LF:0
LH:0
BRF:0
BRH:0
end_of_record
TN:
SF:src\Action\Action.js
FN:6,(anonymous_0)
FN:6,(anonymous_1)
FN:9,(anonymous_2)
FN:13,(anonymous_3)
FNF:4
FNH:4
FNDA:6,(anonymous_0)
FNDA:6,(anonymous_1)
FNDA:2,(anonymous_2)
FNDA:3,(anonymous_3)
DA:6,6
DA:8,6
DA:9,2
DA:13,3
LF:4
LH:4
BRF:0
BRH:0
end_of_record
TN:
SF:src\Action\type.js
FNF:0
FNH:0
DA:1,8
DA:3,8
LF:2
LH:2
BRF:0
BRH:0
end_of_record
TN:
SF:src\Component\App.Mock.js
FN:2,(anonymous_0)
FN:7,(anonymous_1)
FNF:2
FNH:2
FNDA:2,(anonymous_0)
FNDA:3,(anonymous_1)
DA:2,3
DA:3,2
DA:7,3
DA:8,3
DA:9,3
LF:5
LH:5
BRF:0
BRH:0
end_of_record
TN:
SF:src\Component\App.js
FN:8,(anonymous_0)
FNF:1
FNH:1
FNDA:2,(anonymous_0)
DA:9,2
LF:1
LH:1
BRF:0
BRH:0
end_of_record
TN:
SF:src\Component\MainFile.js
FN:12,(anonymous_0)
FN:19,(anonymous_1)
FN:24,(anonymous_2)
FN:29,(anonymous_3)
FN:58,(anonymous_4)
FNF:5
FNH:4
FNDA:1,(anonymous_0)
FNDA:1,(anonymous_1)
FNDA:0,(anonymous_2)
FNDA:1,(anonymous_3)
FNDA:1,(anonymous_4)
DA:13,1
DA:14,1
DA:20,1
DA:24,1
DA:25,0
DA:31,1
DA:58,4
LF:7
LH:6
BRF:0
BRH:0
end_of_record
TN:
SF:src\Component\TeamOmegaCountryDropDown.js
FN:8,(anonymous_0)
FN:10,(anonymous_1)
FN:20,(anonymous_2)
FN:34,(anonymous_3)
FNF:4
FNH:2
FNDA:0,(anonymous_0)
FNDA:1,(anonymous_1)
FNDA:0,(anonymous_2)
FNDA:1,(anonymous_3)
DA:8,1
DA:11,1
DA:13,1
DA:20,0
DA:34,5
LF:5
LH:4
BRDA:16,0,0,1
BRDA:16,0,1,0
BRDA:18,1,0,1
BRDA:18,1,1,0
BRF:4
BRH:2
end_of_record
TN:
SF:src\Component\TeamOmegaDropDown.js
FN:10,(anonymous_0)
FN:13,(anonymous_1)
FN:15,(anonymous_2)
FNF:3
FNH:3
FNDA:4,(anonymous_0)
FNDA:1,(anonymous_1)
FNDA:16,(anonymous_2)
DA:11,4
DA:12,4
DA:13,1
DA:16,16
DA:26,5
LF:5
LH:5
BRF:0
BRH:0
end_of_record
TN:
SF:src\Component\TeamOmegaHeader.js
FN:6,(anonymous_0)
FNF:1
FNH:1
FNDA:3,(anonymous_0)
DA:7,3
DA:8,3
DA:21,5
LF:3
LH:3
BRF:0
BRH:0
end_of_record
TN:
SF:src\Reducer\Reducer.js
FN:8,(anonymous_0)
FNF:1
FNH:1
FNDA:21,(anonymous_0)
DA:3,6
DA:8,6
DA:9,21
DA:11,2
DA:15,3
DA:20,16
LF:6
LH:6
BRDA:8,0,0,18
BRDA:9,1,0,2
BRDA:9,1,1,3
BRDA:9,1,2,16
BRF:4
BRH:4
end_of_record
TN:
SF:src\Store\store.js
FNF:0
FNH:0
DA:6,5
DA:8,5
DA:10,5
LF:3
LH:3
BRF:0
BRH:0
end_of_record
TN:
SF:src\container\container.js
FN:5,(anonymous_0)
FN:14,(anonymous_1)
FN:16,(anonymous_2)
FNF:3
FNH:1
FNDA:2,(anonymous_0)
FNDA:0,(anonymous_1)
FNDA:0,(anonymous_2)
DA:5,1
DA:7,2
DA:14,1
DA:15,0
DA:16,0
LF:5
LH:3
BRF:0
BRH:0
end_of_record
